[Sat Dec 30 17:00:03.996 2017] [9293] watchdog: main process 9294 forked ok
[Sat Dec 30 17:00:03.999 2017] [9294] listening on 127.0.0.1:9306
[Sat Dec 30 17:00:04.045 2017] [9294] accepting connections
[Sat Dec 30 23:05:42.528 2017] [9294] caught SIGHUP (seamless=1, in queue=1)
[Sat Dec 30 23:05:42.600 2017] [9296] rotating index 'user_core': started
[Sat Dec 30 23:05:42.685 2017] [9296] rotating index 'user_core': success
[Sat Dec 30 23:05:42.685 2017] [9296] rotating index 'comment_core': started
[Sat Dec 30 23:05:42.720 2017] [9296] rotating index 'comment_core': success
[Sat Dec 30 23:05:42.720 2017] [9296] rotating index 'answer_core': started
[Sat Dec 30 23:05:42.721 2017] [9296] rotating index 'answer_core': success
[Sat Dec 30 23:05:42.721 2017] [9296] rotating index 'question_core': started
[Sat Dec 30 23:05:42.752 2017] [9296] rotating index 'question_core': success
[Sat Dec 30 23:05:42.753 2017] [9296] rotating index: all indexes done
[Sat Dec 30 23:27:38.112 2017] [9294] caught SIGHUP (seamless=1, in queue=1)
[Sat Dec 30 23:27:38.186 2017] [9296] rotating index 'user_core': started
[Sat Dec 30 23:27:38.219 2017] [9296] rotating index 'user_core': success
[Sat Dec 30 23:27:38.220 2017] [9296] rotating index 'comment_core': started
[Sat Dec 30 23:27:38.221 2017] [9296] rotating index 'comment_core': success
[Sat Dec 30 23:27:38.221 2017] [9296] rotating index 'answer_core': started
[Sat Dec 30 23:27:38.222 2017] [9296] rotating index 'answer_core': success
[Sat Dec 30 23:27:38.223 2017] [9296] rotating index 'question_core': started
[Sat Dec 30 23:27:38.224 2017] [9296] rotating index 'question_core': success
[Sat Dec 30 23:27:38.225 2017] [9296] rotating index: all indexes done
[Sat Dec 30 23:30:56.335 2017] [9294] caught SIGHUP (seamless=1, in queue=1)
[Sat Dec 30 23:30:56.346 2017] [9296] rotating index 'user_core': started
[Sat Dec 30 23:30:56.347 2017] [9296] rotating index 'user_core': success
[Sat Dec 30 23:30:56.348 2017] [9296] rotating index 'comment_core': started
[Sat Dec 30 23:30:56.349 2017] [9296] rotating index 'comment_core': success
[Sat Dec 30 23:30:56.349 2017] [9296] rotating index 'answer_core': started
[Sat Dec 30 23:30:56.350 2017] [9296] rotating index 'answer_core': success
[Sat Dec 30 23:30:56.351 2017] [9296] rotating index 'question_core': started
[Sat Dec 30 23:30:56.355 2017] [9296] rotating index 'question_core': success
[Sat Dec 30 23:30:56.355 2017] [9296] rotating index: all indexes done
[Sat Dec 30 23:31:35.807 2017] [9294] caught SIGTERM, shutting down
[Sat Dec 30 23:31:35.976 2017] [9294] shutdown complete
[Sat Dec 30 23:31:35.978 2017] [9293] watchdog: main process 9294 exited cleanly (exit code 0), shutting down
[Sat Dec 30 23:34:16.841 2017] [14154] watchdog: main process 14155 forked ok
[Sat Dec 30 23:34:16.844 2017] [14155] listening on 127.0.0.1:9306
[Sat Dec 30 23:34:16.874 2017] [14155] binlog: replaying log /home/amd/ruby_projects/stackforum/tmp/binlog/development/binlog.001
[Sat Dec 30 23:34:16.874 2017] [14155] binlog: replay stats: 0 rows in 0 commits; 0 updates, 0 reconfigure; 0 indexes
[Sat Dec 30 23:34:16.874 2017] [14155] binlog: finished replaying /home/amd/ruby_projects/stackforum/tmp/binlog/development/binlog.001; 0.0 MB in 0.000 sec
[Sat Dec 30 23:34:16.874 2017] [14155] binlog: finished replaying total 1 in 0.000 sec
[Sat Dec 30 23:34:16.874 2017] [14155] accepting connections
[Sun Dec 31 00:17:37.956 2017] [14155] caught SIGHUP (seamless=1, in queue=1)
[Sun Dec 31 00:17:38.732 2017] [14155] caught SIGTERM, shutting down
[Sun Dec 31 00:17:43.691 2017] [14155] shutdown complete
