Arguments: 
  /usr/bin/node /home/amd/.yarn/bin/yarn.js start

PATH: 
  /home/amd/.yarn/bin:/home/amd/.config/yarn/global/node_modules/.bin:/home/amd/.rvm/gems/ruby-2.4.2/bin:/home/amd/.rvm/gems/ruby-2.4.2@global/bin:/home/amd/.rvm/rubies/ruby-2.4.2/bin:/usr/local/sbin:/usr/local/bin:/usr/sbin:/usr/bin:/sbin:/bin:/usr/games:/usr/local/games:/snap/bin:/home/amd/.rvm/bin:/home/amd/.rvm/bin:/home/amd/.rvm/bin

Yarn version: 
  1.5.1

Node version: 
  6.11.4

Platform: 
  linux x64

npm manifest: 
  No manifest

yarn manifest: 
  No manifest

Lockfile: 
  No lockfile

Trace: 
  Error: Couldn't find a package.json file in "/home/amd/ruby_projects/stackforum"
      at MessageError.Error (native)
      at new MessageError (/home/amd/.yarn/lib/cli.js:186:110)
      at /home/amd/.yarn/lib/cli.js:40048:15
      at next (native)
      at step (/home/amd/.yarn/lib/cli.js:98:30)
      at /home/amd/.yarn/lib/cli.js:109:13
